F:\GL-PROJECT\GL8-4SHADOWMAP\GL8-4SHADOWMAP\DEBUG\LOADSHADERS.OBJ
F:\GL-PROJECT\GL8-4SHADOWMAP\GL8-4SHADOWMAP\DEBUG\QRC_SHADOWMAP.OBJ
F:\GL-PROJECT\GL8-4SHADOWMAP\GL8-4SHADOWMAP\DEBUG\VC110.PDB
F:\GL-PROJECT\GL8-4SHADOWMAP\GL8-4SHADOWMAP\DEBUG\SHADOWMAP.OBJ
F:\GL-PROJECT\GL8-4SHADOWMAP\GL8-4SHADOWMAP\DEBUG\MAIN.OBJ
F:\GL-PROJECT\GL8-4SHADOWMAP\GL8-4SHADOWMAP\DEBUG\MOC_SHADOWMAP.OBJ
F:\GL-PROJECT\GL8-4SHADOWMAP\GL8-4SHADOWMAP\DEBUG\VBM.OBJ
F:\GL-PROJECT\GL8-4SHADOWMAP\GL8-4SHADOWMAP\GENERATEDFILES\DEBUG\MOC_SHADOWMAP.CPP
F:\GL-PROJECT\GL8-4SHADOWMAP\GL8-4SHADOWMAP\GENERATEDFILES\UI_SHADOWMAP.H
F:\GL-PROJECT\GL8-4SHADOWMAP\GL8-4SHADOWMAP\GENERATEDFILES\QRC_SHADOWMAP.CPP
F:\GL-PROJECT\GL8-4SHADOWMAP\WIN32\DEBUG\GL8-4SHADOWMAP.ILK
F:\GL-PROJECT\GL8-4SHADOWMAP\WIN32\DEBUG\GL8-4SHADOWMAP.EXE
F:\GL-PROJECT\GL8-4SHADOWMAP\WIN32\DEBUG\GL8-4SHADOWMAP.PDB
F:\GL-project\gl8-4ShadowMap\gl8-4ShadowMap\Debug\LoadShaders.obj
F:\GL-project\gl8-4ShadowMap\gl8-4ShadowMap\Debug\main.obj
F:\GL-project\gl8-4ShadowMap\gl8-4ShadowMap\Debug\moc_shadowmap.obj
F:\GL-project\gl8-4ShadowMap\gl8-4ShadowMap\Debug\qrc_shadowmap.obj
F:\GL-project\gl8-4ShadowMap\gl8-4ShadowMap\Debug\shadowmap.obj
F:\GL-project\gl8-4ShadowMap\gl8-4ShadowMap\Debug\vbm.obj
F:\GL-project\gl8-4ShadowMap\gl8-4ShadowMap\Debug\cl.command.1.tlog
F:\GL-project\gl8-4ShadowMap\gl8-4ShadowMap\Debug\CL.read.1.tlog
F:\GL-project\gl8-4ShadowMap\gl8-4ShadowMap\Debug\CL.write.1.tlog
F:\GL-project\gl8-4ShadowMap\gl8-4ShadowMap\Debug\custombuild.command.1.tlog
F:\GL-project\gl8-4ShadowMap\gl8-4ShadowMap\Debug\custombuild.read.1.tlog
F:\GL-project\gl8-4ShadowMap\gl8-4ShadowMap\Debug\custombuild.write.1.tlog
F:\GL-project\gl8-4ShadowMap\gl8-4ShadowMap\Debug\link-cvtres.read.1.tlog
F:\GL-project\gl8-4ShadowMap\gl8-4ShadowMap\Debug\link-cvtres.write.1.tlog
F:\GL-project\gl8-4ShadowMap\gl8-4ShadowMap\Debug\link-rc.read.1.tlog
F:\GL-project\gl8-4ShadowMap\gl8-4ShadowMap\Debug\link-rc.write.1.tlog
F:\GL-project\gl8-4ShadowMap\gl8-4ShadowMap\Debug\link.7964-cvtres.read.1.tlog
F:\GL-project\gl8-4ShadowMap\gl8-4ShadowMap\Debug\link.7964-cvtres.write.1.tlog
F:\GL-project\gl8-4ShadowMap\gl8-4ShadowMap\Debug\link.7964-rc.read.1.tlog
F:\GL-project\gl8-4ShadowMap\gl8-4ShadowMap\Debug\link.7964-rc.write.1.tlog
F:\GL-project\gl8-4ShadowMap\gl8-4ShadowMap\Debug\link.7964.read.1.tlog
F:\GL-project\gl8-4ShadowMap\gl8-4ShadowMap\Debug\link.7964.write.1.tlog
F:\GL-project\gl8-4ShadowMap\gl8-4ShadowMap\Debug\link.command.1.tlog
F:\GL-project\gl8-4ShadowMap\gl8-4ShadowMap\Debug\link.read.1.tlog
F:\GL-project\gl8-4ShadowMap\gl8-4ShadowMap\Debug\link.write.1.tlog
F:\GL-project\gl8-4ShadowMap\gl8-4ShadowMap\Debug\vc110.pdb
F:\GL-project\gl8-4ShadowMap\Win32\Debug\gl8-4ShadowMap.pdb
F:\GL-project\gl8-4ShadowMap\Win32\Debug\gl8-4ShadowMap.exe
F:\GL-project\gl8-4ShadowMap\Win32\Debug\gl8-4ShadowMap.ilk
