F:\GL-PROJECT\GL8-4DRAW\GL8-4DRAW\DEBUG\MAIN.OBJ
F:\GL-PROJECT\GL8-4DRAW\GL8-4DRAW\DEBUG\LOADSHADERS.OBJ
F:\GL-PROJECT\GL8-4DRAW\GL8-4DRAW\DEBUG\MOC_VPAINT.OBJ
F:\GL-PROJECT\GL8-4DRAW\GL8-4DRAW\DEBUG\QRC_VPAINT.OBJ
F:\GL-PROJECT\GL8-4DRAW\GL8-4DRAW\DEBUG\VC110.PDB
F:\GL-PROJECT\GL8-4DRAW\GL8-4DRAW\DEBUG\VPAINT.OBJ
F:\GL-PROJECT\GL8-4DRAW\GL8-4DRAW\GENERATEDFILES\UI_VPAINT.H
F:\GL-PROJECT\GL8-4DRAW\GL8-4DRAW\GENERATEDFILES\QRC_VPAINT.CPP
F:\GL-PROJECT\GL8-4DRAW\GL8-4DRAW\GENERATEDFILES\DEBUG\MOC_VPAINT.CPP
F:\GL-PROJECT\GL8-4DRAW\WIN32\DEBUG\GL8-4DRAW.ILK
F:\GL-PROJECT\GL8-4DRAW\WIN32\DEBUG\GL8-4DRAW.EXE
F:\GL-PROJECT\GL8-4DRAW\WIN32\DEBUG\GL8-4DRAW.PDB
F:\GL-project\gl8-4Draw\gl8-4Draw\Debug\LoadShaders.obj
F:\GL-project\gl8-4Draw\gl8-4Draw\Debug\main.obj
F:\GL-project\gl8-4Draw\gl8-4Draw\Debug\moc_vpaint.obj
F:\GL-project\gl8-4Draw\gl8-4Draw\Debug\qrc_vpaint.obj
F:\GL-project\gl8-4Draw\gl8-4Draw\Debug\vpaint.obj
F:\GL-project\gl8-4Draw\gl8-4Draw\Debug\cl.command.1.tlog
F:\GL-project\gl8-4Draw\gl8-4Draw\Debug\CL.read.1.tlog
F:\GL-project\gl8-4Draw\gl8-4Draw\Debug\CL.write.1.tlog
F:\GL-project\gl8-4Draw\gl8-4Draw\Debug\custombuild.command.1.tlog
F:\GL-project\gl8-4Draw\gl8-4Draw\Debug\custombuild.read.1.tlog
F:\GL-project\gl8-4Draw\gl8-4Draw\Debug\custombuild.write.1.tlog
F:\GL-project\gl8-4Draw\gl8-4Draw\Debug\link-cvtres.read.1.tlog
F:\GL-project\gl8-4Draw\gl8-4Draw\Debug\link-cvtres.write.1.tlog
F:\GL-project\gl8-4Draw\gl8-4Draw\Debug\link-rc.read.1.tlog
F:\GL-project\gl8-4Draw\gl8-4Draw\Debug\link-rc.write.1.tlog
F:\GL-project\gl8-4Draw\gl8-4Draw\Debug\link.13156-cvtres.read.1.tlog
F:\GL-project\gl8-4Draw\gl8-4Draw\Debug\link.13156-cvtres.write.1.tlog
F:\GL-project\gl8-4Draw\gl8-4Draw\Debug\link.13156-rc.read.1.tlog
F:\GL-project\gl8-4Draw\gl8-4Draw\Debug\link.13156-rc.write.1.tlog
F:\GL-project\gl8-4Draw\gl8-4Draw\Debug\link.13156.read.1.tlog
F:\GL-project\gl8-4Draw\gl8-4Draw\Debug\link.13156.write.1.tlog
F:\GL-project\gl8-4Draw\gl8-4Draw\Debug\link.14580-cvtres.read.1.tlog
F:\GL-project\gl8-4Draw\gl8-4Draw\Debug\link.14580-cvtres.write.1.tlog
F:\GL-project\gl8-4Draw\gl8-4Draw\Debug\link.14580-rc.read.1.tlog
F:\GL-project\gl8-4Draw\gl8-4Draw\Debug\link.14580-rc.write.1.tlog
F:\GL-project\gl8-4Draw\gl8-4Draw\Debug\link.14580.read.1.tlog
F:\GL-project\gl8-4Draw\gl8-4Draw\Debug\link.14580.write.1.tlog
F:\GL-project\gl8-4Draw\gl8-4Draw\Debug\link.command.1.tlog
F:\GL-project\gl8-4Draw\gl8-4Draw\Debug\link.read.1.tlog
F:\GL-project\gl8-4Draw\gl8-4Draw\Debug\link.write.1.tlog
F:\GL-project\gl8-4Draw\gl8-4Draw\Debug\vc110.pdb
F:\GL-project\gl8-4Draw\Win32\Debug\gl8-4Draw.pdb
F:\GL-project\gl8-4Draw\Win32\Debug\gl8-4Draw.exe
F:\GL-project\gl8-4Draw\Win32\Debug\gl8-4Draw.ilk
