F:\GL-PROJECT\GL8-4DRAWCMD\GL8-4DRAWCMD\DEBUG\MAIN.OBJ
F:\GL-PROJECT\GL8-4DRAWCMD\GL8-4DRAWCMD\DEBUG\LOADSHADERS.OBJ
F:\GL-PROJECT\GL8-4DRAWCMD\GL8-4DRAWCMD\DEBUG\MOC_DRAWCMD.OBJ
F:\GL-PROJECT\GL8-4DRAWCMD\GL8-4DRAWCMD\DEBUG\DRAWCMD.OBJ
F:\GL-PROJECT\GL8-4DRAWCMD\GL8-4DRAWCMD\DEBUG\VC110.PDB
F:\GL-PROJECT\GL8-4DRAWCMD\GL8-4DRAWCMD\DEBUG\QRC_DRAWCMD.OBJ
F:\GL-PROJECT\GL8-4DRAWCMD\GL8-4DRAWCMD\GENERATEDFILES\UI_DRAWCMD.H
F:\GL-PROJECT\GL8-4DRAWCMD\GL8-4DRAWCMD\GENERATEDFILES\QRC_DRAWCMD.CPP
F:\GL-PROJECT\GL8-4DRAWCMD\GL8-4DRAWCMD\GENERATEDFILES\DEBUG\MOC_DRAWCMD.CPP
F:\GL-PROJECT\GL8-4DRAWCMD\WIN32\DEBUG\GL8-4DRAWCMD.ILK
F:\GL-PROJECT\GL8-4DRAWCMD\WIN32\DEBUG\GL8-4DRAWCMD.EXE
F:\GL-PROJECT\GL8-4DRAWCMD\WIN32\DEBUG\GL8-4DRAWCMD.PDB
F:\GL-project\gl8-4DrawCmd\gl8-4DrawCmd\Debug\drawcmd.obj
F:\GL-project\gl8-4DrawCmd\gl8-4DrawCmd\Debug\LoadShaders.obj
F:\GL-project\gl8-4DrawCmd\gl8-4DrawCmd\Debug\main.obj
F:\GL-project\gl8-4DrawCmd\gl8-4DrawCmd\Debug\moc_drawcmd.obj
F:\GL-project\gl8-4DrawCmd\gl8-4DrawCmd\Debug\qrc_drawcmd.obj
F:\GL-project\gl8-4DrawCmd\gl8-4DrawCmd\Debug\cl.command.1.tlog
F:\GL-project\gl8-4DrawCmd\gl8-4DrawCmd\Debug\CL.read.1.tlog
F:\GL-project\gl8-4DrawCmd\gl8-4DrawCmd\Debug\CL.write.1.tlog
F:\GL-project\gl8-4DrawCmd\gl8-4DrawCmd\Debug\custombuild.command.1.tlog
F:\GL-project\gl8-4DrawCmd\gl8-4DrawCmd\Debug\custombuild.read.1.tlog
F:\GL-project\gl8-4DrawCmd\gl8-4DrawCmd\Debug\custombuild.write.1.tlog
F:\GL-project\gl8-4DrawCmd\gl8-4DrawCmd\Debug\link-cvtres.read.1.tlog
F:\GL-project\gl8-4DrawCmd\gl8-4DrawCmd\Debug\link-cvtres.write.1.tlog
F:\GL-project\gl8-4DrawCmd\gl8-4DrawCmd\Debug\link-rc.read.1.tlog
F:\GL-project\gl8-4DrawCmd\gl8-4DrawCmd\Debug\link-rc.write.1.tlog
F:\GL-project\gl8-4DrawCmd\gl8-4DrawCmd\Debug\link.command.1.tlog
F:\GL-project\gl8-4DrawCmd\gl8-4DrawCmd\Debug\link.read.1.tlog
F:\GL-project\gl8-4DrawCmd\gl8-4DrawCmd\Debug\link.write.1.tlog
F:\GL-project\gl8-4DrawCmd\gl8-4DrawCmd\Debug\vc110.pdb
F:\GL-project\gl8-4DrawCmd\Win32\Debug\gl8-4DrawCmd.pdb
F:\GL-project\gl8-4DrawCmd\Win32\Debug\gl8-4DrawCmd.exe
F:\GL-project\gl8-4DrawCmd\Win32\Debug\gl8-4DrawCmd.ilk
